<?xml version="1.0" encoding="UTF-8"?>
<!-- Generated by org.testng.reporters.JUnitXMLReporter -->
<testsuite ignored="2" hostname="DESKTOP-R3NAQK4" failures="0" tests="2" name="Test" time="7.829" errors="0" timestamp="2024-08-15T21:42:34 IST">
  <testcase classname="testts.Errorvalidation" name="execute" time="0.496"/>
  <testcase classname="testts.Errorvalidation" name="execute" time="0.454"/>
  <testcase classname="testts.Errorvalidation" name="secondassert" time="0.0">
    <ignored/>
  </testcase> <!-- secondassert -->
  <testcase classname="testts.Errorvalidation" name="failtest" time="0.0">
    <ignored/>
  </testcase> <!-- failtest -->
</testsuite> <!-- Test -->
