<?xml version="1.0" encoding="UTF-8"?>
<!-- Generated by org.testng.reporters.JUnitXMLReporter -->
<testsuite ignored="2" hostname="DESKTOP-R3NAQK4" failures="0" tests="2" name="Test" time="16.468" errors="0" timestamp="2024-08-17T02:11:03 IST">
  <testcase classname="testts.Errorvalidation" name="execute" time="0.475"/>
  <testcase classname="testts.Errorvalidation" name="execute" time="0.444"/>
  <testcase classname="testts.Errorvalidation" name="secondassert" time="0.0">
    <ignored/>
  </testcase> <!-- secondassert -->
  <testcase classname="testts.Errorvalidation" name="failtest" time="0.0">
    <ignored/>
  </testcase> <!-- failtest -->
</testsuite> <!-- Test -->
