<?xml version="1.0" encoding="UTF-8"?>
<testsuite xmlns:xsi="http://www.w3.org/2001/XMLSchema-instance" xsi:noNamespaceSchemaLocation="https://maven.apache.org/surefire/maven-surefire-plugin/xsd/surefire-test-report.xsd" version="3.0.2" name="cucumber.TestNGRunner" time="13.426" tests="2" errors="0" skipped="0" failures="0">
  <properties>
[...]
</properties>
  <testcase name="runScenario[&quot;Title of your scenario outline&quot;, &quot;Purchase the order from Ecommerce Website&quot;](1)" classname="cucumber.TestNGRunner" time="6.846">
    <system-out><![CDATA[
@tag @Regression
Scenario Outline: Title of your scenario outline                          # src/test/java/cucumber/test2.feature:13
  Given I landed on Ecommerce Page                                        # stepdefinition.Stepdefinitionimpl.I_landed_on_Ecommerce_Page()
  When Logged in with username kuttanpilla@aaro.com and password Open@125 # stepdefinition.Stepdefinitionimpl.Logged_in_with_username_and_password(java.lang.String,java.lang.String)

  Then "Incorrect email or password." message is displayed                # stepdefinition.Stepdefinitionimpl.Incorrect_email_or_password_message_is_displayed(java.lang.String)
]]></system-out>
    <system-err><![CDATA[SLF4J: Failed to load class "org.slf4j.impl.StaticLoggerBinder".
SLF4J: Defaulting to no-operation (NOP) logger implementation
SLF4J: See http://www.slf4j.org/codes.html#StaticLoggerBinder for further details.
Aug 19, 2024 10:52:59 PM org.openqa.selenium.devtools.CdpVersionFinder findNearestMatch
WARNING: Unable to find CDP implementation matching 127
Aug 19, 2024 10:52:59 PM org.openqa.selenium.chromium.ChromiumDriver lambda$new$5
WARNING: Unable to find version of CDP to use for 127.0.6533.120. You may need to include a dependency on a specific version of the CDP using something similar to `org.seleniumhq.selenium:selenium-devtools-v86:4.14.1` where the version ("v86") matches the version of the chromium-based browser you're using and the version number of the artifact is the same as Selenium's.
]]></system-err>
  </testcase>
  <testcase name="runScenario[&quot;Title of your scenario outline&quot;, &quot;Purchase the order from Ecommerce Website&quot;](2)" classname="cucumber.TestNGRunner" time="5.45">
    <system-out><![CDATA[
@tag @Regression
Scenario Outline: Title of your scenario outline                           # src/test/java/cucumber/test2.feature:14
  Given I landed on Ecommerce Page                                         # stepdefinition.Stepdefinitionimpl.I_landed_on_Ecommerce_Page()
  When Logged in with username kuttanpilla2@aaro.com and password Open@125 # stepdefinition.Stepdefinitionimpl.Logged_in_with_username_and_password(java.lang.String,java.lang.String)
Incorrect email or password.
  Then "Incorrect email or password." message is displayed                 # stepdefinition.Stepdefinitionimpl.Incorrect_email_or_password_message_is_displayed(java.lang.String)
]]></system-out>
    <system-err><![CDATA[Aug 19, 2024 10:53:05 PM org.openqa.selenium.devtools.CdpVersionFinder findNearestMatch
WARNING: Unable to find CDP implementation matching 127
Aug 19, 2024 10:53:05 PM org.openqa.selenium.chromium.ChromiumDriver lambda$new$5
WARNING: Unable to find version of CDP to use for 127.0.6533.120. You may need to include a dependency on a specific version of the CDP using something similar to `org.seleniumhq.selenium:selenium-devtools-v86:4.14.1` where the version ("v86") matches the version of the chromium-based browser you're using and the version number of the artifact is the same as Selenium's.
]]></system-err>
  </testcase>
</testsuite>