<?xml version="1.0" encoding="UTF-8"?>
<testsuite xmlns:xsi="http://www.w3.org/2001/XMLSchema-instance" xsi:noNamespaceSchemaLocation="https://maven.apache.org/surefire/maven-surefire-plugin/xsd/surefire-test-report.xsd" version="3.0.2" name="TestSuite" time="17.189" tests="2" errors="0" skipped="0" failures="0">
  <properties>
[...]
</properties>
  <testcase name="execute[{password=Open@123, product=ZARA COAT 3, email=kuttanpilla@aaro.com}](1)" classname="testts.Errorvalidation" time="0.482">
    <system-out><![CDATA[
kuttanpilla@aaro.comOpen@123   ZARA COAT 3
]]></system-out>
    <system-err><![CDATA[SLF4J: Failed to load class "org.slf4j.impl.StaticLoggerBinder".
SLF4J: Defaulting to no-operation (NOP) logger implementation
SLF4J: See http://www.slf4j.org/codes.html#StaticLoggerBinder for further details.
]]></system-err>
  </testcase>
  <testcase name="execute[{password=Open@123, product=ZARA COAT 3, email=kuttanpilla2@aaro.com}](2)" classname="testts.Errorvalidation" time="0.452">
    <system-out><![CDATA[
kuttanpilla2@aaro.comOpen@123   ZARA COAT 3
]]></system-out>
  </testcase>
</testsuite>